#
# There is insufficient memory for the Java Runtime Environment to continue.
# Native memory allocation (malloc) failed to allocate 1048576 bytes. Error detail: AllocateHeap
# Possible reasons:
#   The system is out of physical RAM or swap space
#   This process is running with CompressedOops enabled, and the Java Heap may be blocking the growth of the native heap
# Possible solutions:
#   Reduce memory load on the system
#   Increase physical memory or swap space
#   Check if swap backing store is full
#   Decrease Java heap size (-Xmx/-Xms)
#   Decrease number of Java threads
#   Decrease Java thread stack sizes (-Xss)
#   Set larger code cache with -XX:ReservedCodeCacheSize=
#   JVM is running with Unscaled Compressed Oops mode in which the Java heap is
#     placed in the first 4GB address space. The Java Heap base address is the
#     maximum limit for the native heap growth. Please use -XX:HeapBaseMinAddress
#     to set the Java Heap base and to place the Java Heap above 4GB virtual address.
# This output file may be truncated or incomplete.
#
#  Out of Memory Error (allocation.cpp:44), pid=28424, tid=10296
#
# JRE version:  (17.0.15+6) (build )
# Java VM: OpenJDK 64-Bit Server VM (17.0.15+6-LTS, mixed mode, sharing, tiered, compressed oops, compressed class ptrs, g1 gc, windows-amd64)
# No core dump will be written. Minidumps are not enabled by default on client versions of Windows
#

---------------  S U M M A R Y ------------

Command Line: -Xmx64m -Xms64m -Dorg.gradle.appname=gradlew C:\Users\kelly\OneDrive\Desktop\WIL\Wil\android\\gradle\wrapper\gradle-wrapper.jar app:installDebug -PreactNativeDevServerPort=8081

Host: 11th Gen Intel(R) Core(TM) i5-11400H @ 2.70GHz, 12 cores, 15G,  Windows 11 , 64 bit Build 26100 (10.0.26100.6725)
Time: Mon Nov  3 12:05:07 2025 South Africa Standard Time elapsed time: 0.172185 seconds (0d 0h 0m 0s)

---------------  T H R E A D  ---------------

Current thread (0x000001e2c789c4a0):  JavaThread "Unknown thread" [_thread_in_vm, id=10296, stack(0x000000b0be100000,0x000000b0be200000)]

Stack: [0x000000b0be100000,0x000000b0be200000]
Native frames: (J=compiled Java code, j=interpreted, Vv=VM code, C=native code)
V  [jvm.dll+0x6887a9]
V  [jvm.dll+0x83f5a8]
V  [jvm.dll+0x841053]
V  [jvm.dll+0x8416c3]
V  [jvm.dll+0x2496ef]
V  [jvm.dll+0xa7813]
V  [jvm.dll+0x2ddf27]
V  [jvm.dll+0x81149f]
V  [jvm.dll+0x370d21]
V  [jvm.dll+0x7f011f]
V  [jvm.dll+0x3f781e]
V  [jvm.dll+0x3f9351]
C  [jli.dll+0x52a0]
C  [ucrtbase.dll+0x37b0]
C  [KERNEL32.DLL+0x2e8d7]
C  [ntdll.dll+0x8c53c]


---------------  P R O C E S S  ---------------

Threads class SMR info:
_java_thread_list=0x00007ff9cce7efd8, length=0, elements={
}

Java Threads: ( => current thread )

Other Threads:

=>0x000001e2c789c4a0 (exited) JavaThread "Unknown thread" [_thread_in_vm, id=10296, stack(0x000000b0be100000,0x000000b0be200000)]

Threads with active compile tasks:

VM state: not at safepoint (not fully initialized)

VM Mutex/Monitor currently owned by a thread: None

Heap address: 0x0000000000000000, size: 0 MB, Compressed Oops mode: 32-bit

CDS archive(s) mapped at: [0x0000000000000000-0x0000000000000000-0x0000000000000000), size 0, SharedBaseAddress: 0x0000000800000000, ArchiveRelocationMode: 1.
Narrow klass base: 0x0000000000000000, Narrow klass shift: 0, Narrow klass range: 0x0

GC Precious Log:
<Empty>

GC Heap History (0 events):
No events

Dll operation events (1 events):
Event: 0.008 Loaded shared library C:\Program Files\Microsoft\jdk-17.0.15.6-hotspot\bin\java.dll

Deoptimization events (0 events):
No events

Classes loaded (0 events):
No events

Classes unloaded (0 events):
No events

Classes redefined (0 events):
No events

Internal exceptions (0 events):
No events

VM Operations (0 events):
No events

Memory protections (0 events):
No events

Nmethod flushes (0 events):
No events

Events (0 events):
No events


Dynamic libraries:
0x00007ff7cd0c0000 - 0x00007ff7cd0ce000 	C:\Program Files\Microsoft\jdk-17.0.15.6-hotspot\bin\java.exe
0x00007ffa373e0000 - 0x00007ffa37648000 	C:\WINDOWS\SYSTEM32\ntdll.dll
0x00007ffa35770000 - 0x00007ffa35839000 	C:\WINDOWS\System32\KERNEL32.DLL
0x00007ffa34930000 - 0x00007ffa34d22000 	C:\WINDOWS\System32\KERNELBASE.dll
0x00007ffa347e0000 - 0x00007ffa3492b000 	C:\WINDOWS\System32\ucrtbase.dll
0x00007ffa1c260000 - 0x00007ffa1c277000 	C:\Program Files\Microsoft\jdk-17.0.15.6-hotspot\bin\jli.dll
0x00007ffa1fe20000 - 0x00007ffa1fe3d000 	C:\Program Files\Microsoft\jdk-17.0.15.6-hotspot\bin\VCRUNTIME140.dll
0x00007ffa35b50000 - 0x00007ffa35d15000 	C:\WINDOWS\System32\USER32.dll
0x00007ffa1bfa0000 - 0x00007ffa1c233000 	C:\WINDOWS\WinSxS\amd64_microsoft.windows.common-controls_6595b64144ccf1df_6.0.26100.6899_none_3e0efeeae32e88c1\COMCTL32.dll
0x00007ffa346f0000 - 0x00007ffa34717000 	C:\WINDOWS\System32\win32u.dll
0x00007ffa35d20000 - 0x00007ffa35dc9000 	C:\WINDOWS\System32\msvcrt.dll
0x00007ffa354a0000 - 0x00007ffa354cb000 	C:\WINDOWS\System32\GDI32.dll
0x00007ffa34d30000 - 0x00007ffa34e5d000 	C:\WINDOWS\System32\gdi32full.dll
0x00007ffa35100000 - 0x00007ffa351a3000 	C:\WINDOWS\System32\msvcp_win.dll
0x00007ffa35590000 - 0x00007ffa355bf000 	C:\WINDOWS\System32\IMM32.DLL
0x00007ffa31a50000 - 0x00007ffa31a5c000 	C:\Program Files\Microsoft\jdk-17.0.15.6-hotspot\bin\vcruntime140_1.dll
0x00007ff9ecc70000 - 0x00007ff9eccfd000 	C:\Program Files\Microsoft\jdk-17.0.15.6-hotspot\bin\msvcp140.dll
0x00007ff9cc340000 - 0x00007ff9ccfb2000 	C:\Program Files\Microsoft\jdk-17.0.15.6-hotspot\bin\server\jvm.dll
0x00007ffa36bc0000 - 0x00007ffa36c74000 	C:\WINDOWS\System32\ADVAPI32.dll
0x00007ffa36680000 - 0x00007ffa36726000 	C:\WINDOWS\System32\sechost.dll
0x00007ffa36df0000 - 0x00007ffa36f08000 	C:\WINDOWS\System32\RPCRT4.dll
0x00007ffa36b40000 - 0x00007ffa36bb4000 	C:\WINDOWS\System32\WS2_32.dll
0x00007ffa33170000 - 0x00007ffa331ce000 	C:\WINDOWS\SYSTEM32\POWRPROF.dll
0x00007ffa1f440000 - 0x00007ffa1f475000 	C:\WINDOWS\SYSTEM32\WINMM.dll
0x00007ffa31a70000 - 0x00007ffa31a7b000 	C:\WINDOWS\SYSTEM32\VERSION.dll
0x00007ffa33150000 - 0x00007ffa33164000 	C:\WINDOWS\SYSTEM32\UMPDC.dll
0x00007ffa33440000 - 0x00007ffa3345b000 	C:\WINDOWS\SYSTEM32\kernel.appcore.dll
0x00007ffa2c560000 - 0x00007ffa2c56a000 	C:\Program Files\Microsoft\jdk-17.0.15.6-hotspot\bin\jimage.dll
0x00007ffa31400000 - 0x00007ffa31642000 	C:\WINDOWS\SYSTEM32\DBGHELP.DLL
0x00007ffa36760000 - 0x00007ffa36adb000 	C:\WINDOWS\System32\combase.dll
0x00007ffa35e50000 - 0x00007ffa35f27000 	C:\WINDOWS\System32\OLEAUT32.dll
0x00007ffa1b060000 - 0x00007ffa1b09c000 	C:\WINDOWS\SYSTEM32\dbgcore.DLL
0x00007ffa35060000 - 0x00007ffa350f8000 	C:\WINDOWS\System32\bcryptPrimitives.dll
0x00007ffa09000000 - 0x00007ffa09025000 	C:\Program Files\Microsoft\jdk-17.0.15.6-hotspot\bin\java.dll

dbghelp: loaded successfully - version: 4.0.5 - missing functions: none
symbol engine: initialized successfully - sym options: 0x614 - pdb path: .;C:\Program Files\Microsoft\jdk-17.0.15.6-hotspot\bin;C:\WINDOWS\SYSTEM32;C:\WINDOWS\WinSxS\amd64_microsoft.windows.common-controls_6595b64144ccf1df_6.0.26100.6899_none_3e0efeeae32e88c1;C:\Program Files\Microsoft\jdk-17.0.15.6-hotspot\bin\server

VM Arguments:
jvm_args: -Xmx64m -Xms64m -Dorg.gradle.appname=gradlew 
java_command: C:\Users\kelly\OneDrive\Desktop\WIL\Wil\android\\gradle\wrapper\gradle-wrapper.jar app:installDebug -PreactNativeDevServerPort=8081
java_class_path (initial): C:\Users\kelly\OneDrive\Desktop\WIL\Wil\android\\gradle\wrapper\gradle-wrapper.jar
Launcher Type: SUN_STANDARD

[Global flags]
     intx CICompilerCount                          = 4                                         {product} {ergonomic}
     uint ConcGCThreads                            = 3                                         {product} {ergonomic}
     uint G1ConcRefinementThreads                  = 10                                        {product} {ergonomic}
   size_t G1HeapRegionSize                         = 1048576                                   {product} {ergonomic}
    uintx GCDrainStackTargetSize                   = 64                                        {product} {ergonomic}
   size_t InitialHeapSize                          = 67108864                                  {product} {command line}
   size_t MarkStackSize                            = 4194304                                   {product} {ergonomic}
   size_t MaxHeapSize                              = 67108864                                  {product} {command line}
   size_t MinHeapDeltaBytes                        = 1048576                                   {product} {ergonomic}
   size_t MinHeapSize                              = 67108864                                  {product} {command line}
    uintx NonNMethodCodeHeapSize                   = 5839372                                {pd product} {ergonomic}
    uintx NonProfiledCodeHeapSize                  = 122909434                              {pd product} {ergonomic}
    uintx ProfiledCodeHeapSize                     = 122909434                              {pd product} {ergonomic}
    uintx ReservedCodeCacheSize                    = 251658240                              {pd product} {ergonomic}
     bool SegmentedCodeCache                       = true                                      {product} {ergonomic}
   size_t SoftMaxHeapSize                          = 67108864                               {manageable} {ergonomic}
     bool UseCompressedClassPointers               = true                           {product lp64_product} {ergonomic}
     bool UseCompressedOops                        = true                           {product lp64_product} {ergonomic}
     bool UseG1GC                                  = true                                      {product} {ergonomic}
     bool UseLargePagesIndividualAllocation        = false                                  {pd product} {ergonomic}

Logging:
Log output configuration:
 #0: stdout all=warning uptime,level,tags
 #1: stderr all=off uptime,level,tags

Environment Variables:
JAVA_HOME=C:\Program Files\Microsoft\jdk-17.0.15.6-hotspot\
PATH=C:\Users\kelly\OneDrive\Desktop\WIL\Wil\node_modules\.bin;C:\Users\kelly\OneDrive\Desktop\WIL\Wil\node_modules\.bin;C:\Users\kelly\OneDrive\Desktop\WIL\node_modules\.bin;C:\Users\kelly\OneDrive\Desktop\node_modules\.bin;C:\Users\kelly\OneDrive\node_modules\.bin;C:\Users\kelly\node_modules\.bin;C:\Users\node_modules\.bin;C:\node_modules\.bin;C:\Program Files\nodejs\node_modules\npm\node_modules\@npmcli\run-script\lib\node-gyp-bin;C:\Program Files\Microsoft\jdk-17.0.15.6-hotspot\bin;C:\Program Files\Microsoft MPI\Bin\;C:\Program Files (x86)\Common Files\Oracle\Java\javapath;C:\Windows\system32;C:\Windows;C:\Windows\System32\Wbem;C:\Windows\System32\WindowsPowerShell\v1.0\;C:\Windows\System32\OpenSSH\;C:\Program Files (x86)\NVIDIA Corporation\PhysX\Common;C:\Program Files\NVIDIA Corporation\NVIDIA NvDLISR;C:\Program Files\Microsoft SQL Server\150\Tools\Binn\;C:\Program Files\Microsoft SQL Server\Client SDK\ODBC\170\Tools\Binn\;C:\Program Files\Git\cmd;C:\Program Files (x86)\Microsoft SQL Server\160\DTS\Binn\;C:\Program Files (x86)\Microsoft SQL Server\160\Tools\Binn\;C:\Program Files\Microsoft SQL Server\160\Tools\Binn\;C:\Program Files\Microsoft SQL Server\160\DTS\Binn\;C:\WINDOWS\system32;C:\WINDOWS;C:\WINDOWS\System32\Wbem;C:\WINDOWS\System32\WindowsPowerShell\v1.0\;C:\WINDOWS\System32\OpenSSH\;C:\Program Files\Docker\Docker\resources\bin;C:\Program Files\dotnet\;C:\ProgramData\chocolatey\bin;C:\Program Files\nodejs\;C:\Users\kelly\AppData\Local\Programs\Python\Launcher\;C:\Program Files\MySQL\MySQL Shell 8.0\bin\;C:\Users\kelly\AppData\Local\Microsoft\WindowsApps;C:\Users\kelly\AppData\Local\Programs\Microsoft VS Code\bin;C:\Users\kelly\AppData\Local\GitHubDesktop\bin;C:\Users\kelly\AppData\Local\Programs\mongosh\;C:\Users\kelly\.dotnet\tools;C:\Users\kelly\AppData\Roaming\npm;C:\Users\kelly\AppData\Local\Android\Sdk\platform-tools;C:\Users\kelly\AppData\Local\Android\Sdk;
USERNAME=kelly
LANG=en_US.UTF-8
OS=Windows_NT
PROCESSOR_IDENTIFIER=Intel64 Family 6 Model 141 Stepping 1, GenuineIntel
TMP=C:\Users\kelly\AppData\Local\Temp
TEMP=C:\Users\kelly\AppData\Local\Temp



Periodic native trim disabled


---------------  S Y S T E M  ---------------

OS:
 Windows 11 , 64 bit Build 26100 (10.0.26100.6725)
OS uptime: 12 days 1:36 hours
Hyper-V role detected

CPU: total 12 (initial active 12) (6 cores per cpu, 2 threads per core) family 6 model 141 stepping 1 microcode 0x3c, cx8, cmov, fxsr, ht, mmx, 3dnowpref, sse, sse2, sse3, ssse3, sse4.1, sse4.2, popcnt, lzcnt, tsc, tscinvbit, avx, avx2, aes, erms, clmul, bmi1, bmi2, adx, avx512f, avx512dq, avx512cd, avx512bw, avx512vl, sha, fma, vzeroupper, avx512_vpopcntdq, avx512_vpclmulqdq, avx512_vaes, avx512_vnni, clflush, clflushopt, clwb, avx512_vbmi2, avx512_vbmi, hv
Processor Information for the first 12 processors :
  Max Mhz: 2688, Current Mhz: 2688, Mhz Limit: 2688

Memory: 4k page, system-wide physical 16163M (550M free)
TotalPageFile size 32547M (AvailPageFile size 24M)
current process WorkingSet (physical memory assigned to process): 11M, peak: 11M
current process commit charge ("private bytes"): 18M, peak: 19M

vm_info: OpenJDK 64-Bit Server VM (17.0.15+6-LTS) for windows-amd64 JRE (17.0.15+6-LTS), built on Apr  9 2025 22:27:25 by "MicrosoftCorporation" with unknown MS VC++:1939

END.
